0 info it worked if it ends with ok
1 verbose cli [ '/usr/local/Cellar/node/6.2.2/bin/node',
1 verbose cli   '/usr/local/bin/npm',
1 verbose cli   'install',
1 verbose cli   '-g',
1 verbose cli   'node_modules' ]
2 info using npm@3.9.5
3 info using node@v6.2.2
4 silly loadCurrentTree Starting
5 silly install loadCurrentTree
6 silly install readGlobalPackageData
7 silly fetchPackageMetaData node_modules
8 silly fetchOtherPackageData node_modules
9 silly cache add args [ 'node_modules', null ]
10 verbose cache add spec node_modules
11 silly cache add parsed spec Result {
11 silly cache add   raw: 'node_modules',
11 silly cache add   scope: null,
11 silly cache add   name: null,
11 silly cache add   rawSpec: 'node_modules',
11 silly cache add   spec: '/Users/liumingxi/Desktop/WwwPeopleComCn/cordova/platforms/android/node_modules',
11 silly cache add   type: 'local' }
12 error addLocal Could not install /Users/liumingxi/Desktop/WwwPeopleComCn/cordova/platforms/android/node_modules
13 silly fetchPackageMetaData Error: ENOENT: no such file or directory, open '/Users/liumingxi/Desktop/WwwPeopleComCn/cordova/platforms/android/node_modules'
13 silly fetchPackageMetaData     at Error (native)
13 silly fetchPackageMetaData  error for node_modules { Error: ENOENT: no such file or directory, open '/Users/liumingxi/Desktop/WwwPeopleComCn/cordova/platforms/android/node_modules'
13 silly fetchPackageMetaData     at Error (native)
13 silly fetchPackageMetaData   errno: -2,
13 silly fetchPackageMetaData   code: 'ENOENT',
13 silly fetchPackageMetaData   syscall: 'open',
13 silly fetchPackageMetaData   path: '/Users/liumingxi/Desktop/WwwPeopleComCn/cordova/platforms/android/node_modules' }
14 silly rollbackFailedOptional Starting
15 silly rollbackFailedOptional Finishing
16 silly runTopLevelLifecycles Starting
17 silly runTopLevelLifecycles Finishing
18 silly install printInstalled
19 verbose stack Error: ENOENT: no such file or directory, open '/Users/liumingxi/Desktop/WwwPeopleComCn/cordova/platforms/android/node_modules'
19 verbose stack     at Error (native)
20 verbose cwd /Users/liumingxi/Desktop/WwwPeopleComCn/cordova/platforms/android
21 error Darwin 15.5.0
22 error argv "/usr/local/Cellar/node/6.2.2/bin/node" "/usr/local/bin/npm" "install" "-g" "node_modules"
23 error node v6.2.2
24 error npm  v3.9.5
25 error path /Users/liumingxi/Desktop/WwwPeopleComCn/cordova/platforms/android/node_modules
26 error code ENOENT
27 error errno -2
28 error syscall open
29 error enoent ENOENT: no such file or directory, open '/Users/liumingxi/Desktop/WwwPeopleComCn/cordova/platforms/android/node_modules'
30 error enoent ENOENT: no such file or directory, open '/Users/liumingxi/Desktop/WwwPeopleComCn/cordova/platforms/android/node_modules'
30 error enoent This is most likely not a problem with npm itself
30 error enoent and is related to npm not being able to find a file.
31 verbose exit [ -2, true ]
